<?xml version="1.0" encoding="UTF-8"?>
<testng-results skipped="0" failed="0" total="1" passed="1">
  <reporter-output>
  </reporter-output>
  <suite name="Default suite" duration-ms="31122" started-at="2016-12-21T17:09:35Z" finished-at="2016-12-21T17:10:06Z">
    <groups>
    </groups>
    <test name="Default test" duration-ms="31122" started-at="2016-12-21T17:09:35Z" finished-at="2016-12-21T17:10:06Z">
      <class name="automationFramework.TestNG_Framework">
        <test-method status="PASS" signature="beforeMethod()[pri:0, instance:automationFramework.TestNG_Framework@6caf446]" name="beforeMethod" is-config="true" duration-ms="23883" started-at="2016-12-21T11:09:35Z" finished-at="2016-12-21T11:09:59Z">
          <reporter-output>
          </reporter-output>
        </test-method> <!-- beforeMethod -->
        <test-method status="PASS" signature="main()[pri:0, instance:automationFramework.TestNG_Framework@6caf446]" name="main" duration-ms="6462" started-at="2016-12-21T11:09:59Z" finished-at="2016-12-21T11:10:06Z">
          <reporter-output>
          </reporter-output>
        </test-method> <!-- main -->
        <test-method status="PASS" signature="afterMethod()[pri:0, instance:automationFramework.TestNG_Framework@6caf446]" name="afterMethod" is-config="true" duration-ms="747" started-at="2016-12-21T11:10:06Z" finished-at="2016-12-21T11:10:06Z">
          <reporter-output>
          </reporter-output>
        </test-method> <!-- afterMethod -->
      </class> <!-- automationFramework.TestNG_Framework -->
    </test> <!-- Default test -->
  </suite> <!-- Default suite -->
</testng-results>
